[ 2013-04-26T00:36:05+08:00 ] ERR: [4] syntax error, unexpected 'array' (T_ARRAY), expecting ')' C:\wamp\www\qb\Lib\Model\ProductModel.class.php 第 12 行.
[ 2013-04-26T00:43:54+08:00 ] ERR: [4] syntax error, unexpected '$productform' (T_VARIABLE), expecting ',' or ';' C:\wamp\www\qb\Lib\Action\IndexAction.class.php 第 188 行.
[ 2013-04-26T00:53:40+08:00 ] ERR: [1] Cannot use object of type Model as array C:\wamp\www\qb\Lib\Action\IndexAction.class.php 第 204 行.
[ 2013-04-26T00:54:27+08:00 ] ERR: [1] Cannot use object of type Model as array C:\wamp\www\qb\Lib\Action\IndexAction.class.php 第 204 行.
[ 2013-04-26T01:01:27+08:00 ] ERR: [1] Call to a member function count() on a non-object C:\wamp\www\qb\Lib\Action\IndexAction.class.php 第 205 行.
[ 2013-04-26T01:05:52+08:00 ] ERR: [1] Call to a member function count() on a non-object C:\wamp\www\qb\Lib\Action\IndexAction.class.php 第 210 行.
[ 2013-04-26T01:10:40+08:00 ] ERR: [1] Call to a member function save() on a non-object C:\wamp\www\qb\Lib\Action\IndexAction.class.php 第 233 行.
[ 2013-04-26T01:11:44+08:00 ] ERR: [1] Call to a member function save() on a non-object C:\wamp\www\qb\Lib\Action\IndexAction.class.php 第 233 行.
[ 2013-04-26T01:11:46+08:00 ] ERR: [1] Call to a member function save() on a non-object C:\wamp\www\qb\Lib\Action\IndexAction.class.php 第 233 行.
[ 2013-04-26T01:11:54+08:00 ] ERR: [1] Call to a member function save() on a non-object C:\wamp\www\qb\Lib\Action\IndexAction.class.php 第 233 行.
[ 2013-04-26T01:12:41+08:00 ] ERR: [1] Maximum execution time of 30 seconds exceeded C:\wamp\www\ThinkPHP\Lib\Driver\Db\DbMysql.class.php 第 128 行.
[ 2013-04-26T01:12:51+08:00 ] ERR: [1] Maximum execution time of 30 seconds exceeded C:\wamp\www\ThinkPHP\Lib\Driver\Db\DbMysql.class.php 第 128 行.
[ 2013-04-26T01:13:39+08:00 ] ERR: [1] Maximum execution time of 30 seconds exceeded C:\wamp\www\ThinkPHP\Lib\Driver\Db\DbMysql.class.php 第 128 行.
[ 2013-04-26T01:14:34+08:00 ] ERR: [1] Maximum execution time of 30 seconds exceeded C:\wamp\www\ThinkPHP\Lib\Driver\Db\DbMysql.class.php 第 128 行.
[ 2013-04-26T01:15:10+08:00 ] ERR: [1] Maximum execution time of 30 seconds exceeded C:\wamp\www\ThinkPHP\Lib\Driver\Db\DbMysql.class.php 第 128 行.
[ 2013-04-26T01:15:15+08:00 ] ERR: [1] Maximum execution time of 30 seconds exceeded C:\wamp\www\ThinkPHP\Lib\Driver\Db\DbMysql.class.php 第 128 行.
[ 2013-04-26T01:16:28+08:00 ] ERR: [1] Maximum execution time of 30 seconds exceeded C:\wamp\www\ThinkPHP\Lib\Driver\Db\DbMysql.class.php 第 128 行.
[ 2013-04-26T01:16:46+08:00 ] ERR: [1] Maximum execution time of 30 seconds exceeded C:\wamp\www\ThinkPHP\Lib\Driver\Db\DbMysql.class.php 第 128 行.
[ 2013-04-26T01:56:11+08:00 ] ERR: [4] syntax error, unexpected '}' C:\wamp\www\qb\Lib\Action\IndexAction.class.php 第 264 行.
[ 2013-04-26T02:06:01+08:00 ] ERR: [1] Cannot use object of type SaleModel as array C:\wamp\www\qb\Lib\Action\IndexAction.class.php 第 246 行.
[ 2013-04-26T02:13:43+08:00 ] ERR: (ThinkException) Model:orderby您所请求的方法不存在！
[ 2013-04-26T03:13:04+08:00 ] ERR: [1] Call to a member function order() on a non-object C:\wamp\www\qb\Lib\Action\IndexAction.class.php 第 376 行.
[ 2013-04-26T03:46:35+08:00 ] ERR: [4] syntax error, unexpected '{', expecting ']' C:\wamp\www\qb\Runtime\Cache\0a354cdc77694b88222f2cff6018b684.php 第 136 行.
[ 2013-04-26T03:46:37+08:00 ] ERR: [4] syntax error, unexpected '{', expecting ']' C:\wamp\www\qb\Runtime\Cache\0a354cdc77694b88222f2cff6018b684.php 第 136 行.
[ 2013-04-26T03:47:45+08:00 ] ERR: [4] syntax error, unexpected '{', expecting ']' C:\wamp\www\qb\Runtime\Cache\0a354cdc77694b88222f2cff6018b684.php 第 136 行.
[ 2013-04-26T04:45:47+08:00 ] ERR: [4] syntax error, unexpected '}' C:\wamp\www\qb\Lib\Action\IndexAction.class.php 第 414 行.
[ 2013-04-26T05:59:02+08:00 ] ERR: (ThinkException) 非法操作:finance
[ 2013-04-26T06:00:11+08:00 ] ERR: (ThinkException) 非法操作:finance
[ 2013-04-26T08:13:40+08:00 ] ERR: (ThinkException) 非法操作:staffmanageedit
[ 2013-04-26T08:47:07+08:00 ] ERR: [4] syntax error, unexpected 'public' (T_PUBLIC) C:\wamp\www\qb\Lib\Action\IndexAction.class.php 第 659 行.
