[ 2013-04-24T20:23:06+08:00 ] ERR: (ThinkException) 模板不存在[C:/wamp/www/qb/Tpl/Index/islogin.html]
[ 2013-04-24T22:03:49+08:00 ] ERR: (ThinkException) 模板不存在[C:/wamp/www/qb/Tpl/Index/islogin.html]
[ 2013-04-24T22:19:12+08:00 ] ERR: [4] syntax error, unexpected 'else' (T_ELSE) C:\wamp\www\qb\Lib\Action\IndexAction.class.php 第 37 行.
[ 2013-04-24T22:19:14+08:00 ] ERR: [4] syntax error, unexpected 'else' (T_ELSE) C:\wamp\www\qb\Lib\Action\IndexAction.class.php 第 37 行.
[ 2013-04-24T22:45:56+08:00 ] ERR: (ThinkException) 模板不存在[C:/wamp/www/qb/C/\wamp\www\ThinkPHP/Public/error.html]
[ 2013-04-24T22:46:45+08:00 ] ERR: (ThinkException) 模板不存在[C:/wamp/www/qb/Tpl/C/\wamp\www\ThinkPHP/Public/error.html]
[ 2013-04-24T22:52:07+08:00 ] ERR: [4] syntax error, unexpected ',' C:\wamp\www\qb\Lib\Action\IndexAction.class.php 第 33 行.
[ 2013-04-24T22:53:20+08:00 ] ERR: (ThinkException) 非法操作:35
[ 2013-04-24T22:53:25+08:00 ] ERR: (ThinkException) 非法操作:35
[ 2013-04-24T22:59:40+08:00 ] ERR: (ThinkException) 非法操作:35
[ 2013-04-24T22:59:40+08:00 ] ERR: (ThinkException) 非法操作:35
[ 2013-04-24T22:59:41+08:00 ] ERR: (ThinkException) 非法操作:35
[ 2013-04-24T22:59:43+08:00 ] ERR: (ThinkException) 非法操作:35
[ 2013-04-24T22:59:44+08:00 ] ERR: (ThinkException) 非法操作:35
[ 2013-04-24T22:59:46+08:00 ] ERR: (ThinkException) 非法操作:35
[ 2013-04-24T22:59:49+08:00 ] ERR: (ThinkException) 非法操作:35
[ 2013-04-24T23:00:39+08:00 ] ERR: (ThinkException) 非法操作:35
[ 2013-04-24T23:01:59+08:00 ] ERR: (ThinkException) 非法操作:35
[ 2013-04-24T23:02:00+08:00 ] ERR: (ThinkException) 非法操作:35
[ 2013-04-24T23:05:22+08:00 ] ERR: (ThinkException) 非法操作:35
[ 2013-04-24T23:10:33+08:00 ] ERR: (ThinkException) 模板不存在[C:/wamp/www/qb/Tpl/Index/utf8.html]
[ 2013-04-24T23:53:31+08:00 ] ERR: [4] syntax error, unexpected '}' C:\wamp\www\qb\Lib\Action\IndexAction.class.php 第 49 行.
[ 2013-04-24T23:54:18+08:00 ] ERR: [4] syntax error, unexpected '}' C:\wamp\www\qb\Lib\Action\IndexAction.class.php 第 49 行.
