[ 2013-04-25T00:40:09+08:00 ] ERR: [64] Cannot use [] for reading C:\wamp\www\qb\Lib\Action\IndexAction.class.php 第 30 行.
[ 2013-04-25T00:55:33+08:00 ] ERR: (ThinkException) 非法操作:islogin
[ 2013-04-25T00:57:43+08:00 ] ERR: [4] syntax error, unexpected '');' (T_ENCAPSED_AND_WHITESPACE) C:\wamp\www\qb\Lib\Action\IndexAction.class.php 第 46 行.
[ 2013-04-25T00:58:16+08:00 ] ERR: (ThinkException) 非法操作:islogin
[ 2013-04-25T00:58:25+08:00 ] ERR: (ThinkException) 非法操作:islogin
[ 2013-04-25T01:04:41+08:00 ] ERR: [1] Unsupported operand types C:\wamp\www\qb\Lib\Action\IndexAction.class.php 第 44 行.
[ 2013-04-25T02:19:26+08:00 ] ERR: (ThinkException) 非法操作:purchases
[ 2013-04-25T02:21:13+08:00 ] ERR: (ThinkException) 非法操作:purchases
[ 2013-04-25T02:21:18+08:00 ] ERR: (ThinkException) 非法操作:purchases
[ 2013-04-25T02:21:21+08:00 ] ERR: (ThinkException) 非法操作:accountpayable
[ 2013-04-25T02:27:05+08:00 ] ERR: (ThinkException) 非法操作:logout
[ 2013-04-25T02:28:10+08:00 ] ERR: (ThinkException) 非法操作:www.co8bit
[ 2013-04-25T02:43:58+08:00 ] ERR: (ThinkException) 非法操作:sell
[ 2013-04-25T03:26:02+08:00 ] ERR: (ThinkException) 非法操作:inventory
[ 2013-04-25T03:26:13+08:00 ] ERR: (ThinkException) 非法操作:www.co8bit
[ 2013-04-25T03:47:24+08:00 ] ERR: (ThinkException) 非法操作:inventory
[ 2013-04-25T04:46:11+08:00 ] ERR: (ThinkException) 非法操作:sell
[ 2013-04-25T04:46:16+08:00 ] ERR: (ThinkException) 非法操作:accountpayable
[ 2013-04-25T15:54:16+08:00 ] ERR: (ThinkException) 非法操作:purchases
[ 2013-04-25T16:40:58+08:00 ] ERR: [4] syntax error, unexpected ';' C:\wamp\www\qb\Lib\Action\IndexAction.class.php 第 75 行.
[ 2013-04-25T16:41:04+08:00 ] ERR: [4] syntax error, unexpected ';' C:\wamp\www\qb\Lib\Action\IndexAction.class.php 第 75 行.
[ 2013-04-25T16:41:06+08:00 ] ERR: [4] syntax error, unexpected ';' C:\wamp\www\qb\Lib\Action\IndexAction.class.php 第 75 行.
[ 2013-04-25T16:41:16+08:00 ] ERR: [4] syntax error, unexpected ';' C:\wamp\www\qb\Lib\Action\IndexAction.class.php 第 75 行.
[ 2013-04-25T16:41:17+08:00 ] ERR: [4] syntax error, unexpected ';' C:\wamp\www\qb\Lib\Action\IndexAction.class.php 第 75 行.
[ 2013-04-25T16:41:18+08:00 ] ERR: [4] syntax error, unexpected ';' C:\wamp\www\qb\Lib\Action\IndexAction.class.php 第 75 行.
[ 2013-04-25T16:41:18+08:00 ] ERR: [4] syntax error, unexpected ';' C:\wamp\www\qb\Lib\Action\IndexAction.class.php 第 75 行.
[ 2013-04-25T16:41:18+08:00 ] ERR: [4] syntax error, unexpected ';' C:\wamp\www\qb\Lib\Action\IndexAction.class.php 第 75 行.
[ 2013-04-25T16:56:47+08:00 ] ERR: [4] syntax error, unexpected ';' C:\wamp\www\qb\Lib\Action\IndexAction.class.php 第 75 行.
[ 2013-04-25T17:16:32+08:00 ] ERR: [1] Call to undefined function xuanranbianlan() C:\wamp\www\qb\Lib\Action\IndexAction.class.php 第 66 行.
[ 2013-04-25T17:18:58+08:00 ] ERR: [1] Call to undefined function xuanranbianlan() C:\wamp\www\qb\Lib\Action\IndexAction.class.php 第 66 行.
[ 2013-04-25T17:18:59+08:00 ] ERR: [1] Call to undefined function xuanranbianlan() C:\wamp\www\qb\Lib\Action\IndexAction.class.php 第 66 行.
[ 2013-04-25T17:19:02+08:00 ] ERR: [1] Call to undefined function xuanranbianlan() C:\wamp\www\qb\Lib\Action\IndexAction.class.php 第 66 行.
[ 2013-04-25T17:19:03+08:00 ] ERR: [1] Call to undefined function xuanranbianlan() C:\wamp\www\qb\Lib\Action\IndexAction.class.php 第 66 行.
[ 2013-04-25T17:19:04+08:00 ] ERR: [1] Call to undefined function xuanranbianlan() C:\wamp\www\qb\Lib\Action\IndexAction.class.php 第 66 行.
[ 2013-04-25T17:19:38+08:00 ] ERR: [1] Call to undefined function xuanranbianlan() C:\wamp\www\qb\Lib\Action\IndexAction.class.php 第 66 行.
[ 2013-04-25T17:19:38+08:00 ] ERR: [1] Call to undefined function xuanranbianlan() C:\wamp\www\qb\Lib\Action\IndexAction.class.php 第 66 行.
[ 2013-04-25T17:19:39+08:00 ] ERR: [1] Call to undefined function xuanranbianlan() C:\wamp\www\qb\Lib\Action\IndexAction.class.php 第 66 行.
[ 2013-04-25T17:19:39+08:00 ] ERR: [1] Call to undefined function xuanranbianlan() C:\wamp\www\qb\Lib\Action\IndexAction.class.php 第 66 行.
[ 2013-04-25T17:19:39+08:00 ] ERR: [1] Call to undefined function xuanranbianlan() C:\wamp\www\qb\Lib\Action\IndexAction.class.php 第 66 行.
[ 2013-04-25T17:19:40+08:00 ] ERR: [1] Call to undefined function xuanranbianlan() C:\wamp\www\qb\Lib\Action\IndexAction.class.php 第 66 行.
[ 2013-04-25T17:19:40+08:00 ] ERR: [1] Call to undefined function xuanranbianlan() C:\wamp\www\qb\Lib\Action\IndexAction.class.php 第 66 行.
[ 2013-04-25T17:19:40+08:00 ] ERR: [1] Call to undefined function xuanranbianlan() C:\wamp\www\qb\Lib\Action\IndexAction.class.php 第 66 行.
[ 2013-04-25T17:19:40+08:00 ] ERR: [1] Call to undefined function xuanranbianlan() C:\wamp\www\qb\Lib\Action\IndexAction.class.php 第 66 行.
[ 2013-04-25T17:19:41+08:00 ] ERR: [1] Call to undefined function xuanranbianlan() C:\wamp\www\qb\Lib\Action\IndexAction.class.php 第 66 行.
[ 2013-04-25T17:19:41+08:00 ] ERR: [1] Call to undefined function xuanranbianlan() C:\wamp\www\qb\Lib\Action\IndexAction.class.php 第 66 行.
[ 2013-04-25T17:19:42+08:00 ] ERR: [1] Call to undefined function xuanranbianlan() C:\wamp\www\qb\Lib\Action\IndexAction.class.php 第 66 行.
[ 2013-04-25T17:19:42+08:00 ] ERR: [1] Call to undefined function xuanranbianlan() C:\wamp\www\qb\Lib\Action\IndexAction.class.php 第 66 行.
[ 2013-04-25T17:19:42+08:00 ] ERR: [1] Call to undefined function xuanranbianlan() C:\wamp\www\qb\Lib\Action\IndexAction.class.php 第 66 行.
[ 2013-04-25T17:20:05+08:00 ] ERR: [1] Undefined constant 'Lib\Action\xuanran' C:\wamp\www\qb\Lib\Action\IndexAction.class.php 第 65 行.
[ 2013-04-25T17:20:13+08:00 ] ERR: [4] syntax error, unexpected '.' C:\wamp\www\qb\Lib\Action\IndexAction.class.php 第 65 行.
[ 2013-04-25T17:20:38+08:00 ] ERR: [1] Call to undefined function xuanranbianlan() C:\wamp\www\qb\Lib\Action\IndexAction.class.php 第 66 行.
[ 2013-04-25T17:20:39+08:00 ] ERR: [1] Call to undefined function xuanranbianlan() C:\wamp\www\qb\Lib\Action\IndexAction.class.php 第 66 行.
[ 2013-04-25T17:20:52+08:00 ] ERR: [1] Call to undefined function xuanranbianlan() C:\wamp\www\qb\Lib\Action\IndexAction.class.php 第 66 行.
[ 2013-04-25T17:20:53+08:00 ] ERR: [1] Call to undefined function xuanranbianlan() C:\wamp\www\qb\Lib\Action\IndexAction.class.php 第 66 行.
[ 2013-04-25T17:20:54+08:00 ] ERR: [1] Call to undefined function xuanranbianlan() C:\wamp\www\qb\Lib\Action\IndexAction.class.php 第 66 行.
[ 2013-04-25T17:20:54+08:00 ] ERR: [1] Call to undefined function xuanranbianlan() C:\wamp\www\qb\Lib\Action\IndexAction.class.php 第 66 行.
[ 2013-04-25T17:20:54+08:00 ] ERR: [1] Call to undefined function xuanranbianlan() C:\wamp\www\qb\Lib\Action\IndexAction.class.php 第 66 行.
[ 2013-04-25T17:21:25+08:00 ] ERR: [1] Using $this when not in object context C:\wamp\www\qb\Lib\Action\xuanruan.php 第 7 行.
[ 2013-04-25T17:21:25+08:00 ] ERR: [1] Using $this when not in object context C:\wamp\www\qb\Lib\Action\xuanruan.php 第 7 行.
[ 2013-04-25T17:22:06+08:00 ] ERR: [1] Using $this when not in object context C:\wamp\www\qb\Lib\Action\xuanran.php 第 7 行.
[ 2013-04-25T17:22:07+08:00 ] ERR: [1] Using $this when not in object context C:\wamp\www\qb\Lib\Action\xuanran.php 第 7 行.
[ 2013-04-25T17:22:07+08:00 ] ERR: [1] Using $this when not in object context C:\wamp\www\qb\Lib\Action\xuanran.php 第 7 行.
[ 2013-04-25T17:22:49+08:00 ] ERR: [1] Using $this when not in object context C:\wamp\www\qb\Lib\Action\xuanran.php 第 7 行.
[ 2013-04-25T17:22:50+08:00 ] ERR: [1] Using $this when not in object context C:\wamp\www\qb\Lib\Action\xuanran.php 第 7 行.
[ 2013-04-25T17:22:51+08:00 ] ERR: [1] Using $this when not in object context C:\wamp\www\qb\Lib\Action\xuanran.php 第 7 行.
[ 2013-04-25T17:22:51+08:00 ] ERR: [1] Using $this when not in object context C:\wamp\www\qb\Lib\Action\xuanran.php 第 7 行.
[ 2013-04-25T17:22:51+08:00 ] ERR: [1] Using $this when not in object context C:\wamp\www\qb\Lib\Action\xuanran.php 第 7 行.
[ 2013-04-25T17:22:51+08:00 ] ERR: [1] Using $this when not in object context C:\wamp\www\qb\Lib\Action\xuanran.php 第 7 行.
[ 2013-04-25T17:22:52+08:00 ] ERR: [1] Using $this when not in object context C:\wamp\www\qb\Lib\Action\xuanran.php 第 7 行.
[ 2013-04-25T17:22:52+08:00 ] ERR: [1] Using $this when not in object context C:\wamp\www\qb\Lib\Action\xuanran.php 第 7 行.
[ 2013-04-25T17:22:53+08:00 ] ERR: [1] Using $this when not in object context C:\wamp\www\qb\Lib\Action\xuanran.php 第 7 行.
[ 2013-04-25T17:22:53+08:00 ] ERR: [1] Using $this when not in object context C:\wamp\www\qb\Lib\Action\xuanran.php 第 7 行.
[ 2013-04-25T17:22:53+08:00 ] ERR: [1] Using $this when not in object context C:\wamp\www\qb\Lib\Action\xuanran.php 第 7 行.
[ 2013-04-25T17:22:53+08:00 ] ERR: [1] Using $this when not in object context C:\wamp\www\qb\Lib\Action\xuanran.php 第 7 行.
[ 2013-04-25T17:22:54+08:00 ] ERR: [1] Using $this when not in object context C:\wamp\www\qb\Lib\Action\xuanran.php 第 7 行.
[ 2013-04-25T17:22:54+08:00 ] ERR: [1] Using $this when not in object context C:\wamp\www\qb\Lib\Action\xuanran.php 第 7 行.
[ 2013-04-25T17:22:54+08:00 ] ERR: [1] Using $this when not in object context C:\wamp\www\qb\Lib\Action\xuanran.php 第 7 行.
[ 2013-04-25T17:22:54+08:00 ] ERR: [1] Using $this when not in object context C:\wamp\www\qb\Lib\Action\xuanran.php 第 7 行.
[ 2013-04-25T17:22:54+08:00 ] ERR: [1] Using $this when not in object context C:\wamp\www\qb\Lib\Action\xuanran.php 第 7 行.
[ 2013-04-25T17:22:55+08:00 ] ERR: [1] Using $this when not in object context C:\wamp\www\qb\Lib\Action\xuanran.php 第 7 行.
[ 2013-04-25T17:22:55+08:00 ] ERR: [1] Using $this when not in object context C:\wamp\www\qb\Lib\Action\xuanran.php 第 7 行.
[ 2013-04-25T17:22:55+08:00 ] ERR: [1] Using $this when not in object context C:\wamp\www\qb\Lib\Action\xuanran.php 第 7 行.
[ 2013-04-25T17:22:55+08:00 ] ERR: [1] Using $this when not in object context C:\wamp\www\qb\Lib\Action\xuanran.php 第 7 行.
[ 2013-04-25T17:22:55+08:00 ] ERR: [1] Using $this when not in object context C:\wamp\www\qb\Lib\Action\xuanran.php 第 7 行.
[ 2013-04-25T17:22:56+08:00 ] ERR: [1] Using $this when not in object context C:\wamp\www\qb\Lib\Action\xuanran.php 第 7 行.
[ 2013-04-25T17:22:56+08:00 ] ERR: [1] Using $this when not in object context C:\wamp\www\qb\Lib\Action\xuanran.php 第 7 行.
[ 2013-04-25T17:22:56+08:00 ] ERR: [1] Using $this when not in object context C:\wamp\www\qb\Lib\Action\xuanran.php 第 7 行.
[ 2013-04-25T17:24:30+08:00 ] ERR: [64] Cannot re-assign $this C:\wamp\www\qb\Lib\Action\IndexAction.class.php 第 5 行.
[ 2013-04-25T17:24:32+08:00 ] ERR: [64] Cannot re-assign $this C:\wamp\www\qb\Lib\Action\IndexAction.class.php 第 5 行.
[ 2013-04-25T17:24:54+08:00 ] ERR: [1] Call to undefined function xuanranbianlan() C:\wamp\www\qb\Lib\Action\IndexAction.class.php 第 84 行.
[ 2013-04-25T17:24:55+08:00 ] ERR: [1] Call to undefined function xuanranbianlan() C:\wamp\www\qb\Lib\Action\IndexAction.class.php 第 84 行.
[ 2013-04-25T17:25:27+08:00 ] ERR: [1] Call to undefined function xuanranbianlan() C:\wamp\www\qb\Lib\Action\IndexAction.class.php 第 84 行.
[ 2013-04-25T17:25:28+08:00 ] ERR: [1] Call to undefined function xuanranbianlan() C:\wamp\www\qb\Lib\Action\IndexAction.class.php 第 84 行.
[ 2013-04-25T17:25:28+08:00 ] ERR: [1] Call to undefined function xuanranbianlan() C:\wamp\www\qb\Lib\Action\IndexAction.class.php 第 84 行.
[ 2013-04-25T17:25:28+08:00 ] ERR: [1] Call to undefined function xuanranbianlan() C:\wamp\www\qb\Lib\Action\IndexAction.class.php 第 84 行.
[ 2013-04-25T17:25:43+08:00 ] ERR: [1] Call to undefined function xuanranbianlan() C:\wamp\www\qb\Lib\Action\IndexAction.class.php 第 84 行.
[ 2013-04-25T17:25:44+08:00 ] ERR: [1] Call to undefined function xuanranbianlan() C:\wamp\www\qb\Lib\Action\IndexAction.class.php 第 84 行.
[ 2013-04-25T17:25:44+08:00 ] ERR: [1] Call to undefined function xuanranbianlan() C:\wamp\www\qb\Lib\Action\IndexAction.class.php 第 84 行.
[ 2013-04-25T17:25:44+08:00 ] ERR: [1] Call to undefined function xuanranbianlan() C:\wamp\www\qb\Lib\Action\IndexAction.class.php 第 84 行.
[ 2013-04-25T17:30:59+08:00 ] ERR: [64] Cannot re-assign $this C:\wamp\www\qb\Lib\Action\IndexAction.class.php 第 56 行.
[ 2013-04-25T17:31:00+08:00 ] ERR: [64] Cannot re-assign $this C:\wamp\www\qb\Lib\Action\IndexAction.class.php 第 56 行.
[ 2013-04-25T17:31:26+08:00 ] ERR: [1] Call to undefined function xuanranbianlan() C:\wamp\www\qb\Lib\Action\IndexAction.class.php 第 84 行.
[ 2013-04-25T17:31:27+08:00 ] ERR: [1] Call to undefined function xuanranbianlan() C:\wamp\www\qb\Lib\Action\IndexAction.class.php 第 84 行.
[ 2013-04-25T17:32:01+08:00 ] ERR: [1] Call to undefined function xuanranbianlan() C:\wamp\www\qb\Lib\Action\IndexAction.class.php 第 84 行.
[ 2013-04-25T17:32:02+08:00 ] ERR: [1] Call to undefined function xuanranbianlan() C:\wamp\www\qb\Lib\Action\IndexAction.class.php 第 84 行.
[ 2013-04-25T17:32:02+08:00 ] ERR: [1] Call to undefined function xuanranbianlan() C:\wamp\www\qb\Lib\Action\IndexAction.class.php 第 84 行.
[ 2013-04-25T17:32:03+08:00 ] ERR: [1] Call to undefined function xuanranbianlan() C:\wamp\www\qb\Lib\Action\IndexAction.class.php 第 84 行.
[ 2013-04-25T17:32:03+08:00 ] ERR: [1] Call to undefined function xuanranbianlan() C:\wamp\www\qb\Lib\Action\IndexAction.class.php 第 84 行.
[ 2013-04-25T17:32:03+08:00 ] ERR: [1] Call to undefined function xuanranbianlan() C:\wamp\www\qb\Lib\Action\IndexAction.class.php 第 84 行.
[ 2013-04-25T17:32:03+08:00 ] ERR: [1] Call to undefined function xuanranbianlan() C:\wamp\www\qb\Lib\Action\IndexAction.class.php 第 84 行.
[ 2013-04-25T17:32:03+08:00 ] ERR: [1] Call to undefined function xuanranbianlan() C:\wamp\www\qb\Lib\Action\IndexAction.class.php 第 84 行.
[ 2013-04-25T17:32:17+08:00 ] ERR: [1] Call to undefined function xuanranbianlan() C:\wamp\www\qb\Lib\Action\IndexAction.class.php 第 84 行.
[ 2013-04-25T17:32:18+08:00 ] ERR: [1] Call to undefined function xuanranbianlan() C:\wamp\www\qb\Lib\Action\IndexAction.class.php 第 84 行.
[ 2013-04-25T17:32:18+08:00 ] ERR: [1] Call to undefined function xuanranbianlan() C:\wamp\www\qb\Lib\Action\IndexAction.class.php 第 84 行.
[ 2013-04-25T17:32:18+08:00 ] ERR: [1] Call to undefined function xuanranbianlan() C:\wamp\www\qb\Lib\Action\IndexAction.class.php 第 84 行.
[ 2013-04-25T20:51:19+08:00 ] ERR: (ThinkException) 非法操作:purchases_in
[ 2013-04-25T20:55:04+08:00 ] ERR: [1] Call to a member function create() on a non-object C:\wamp\www\qb\Lib\Action\IndexAction.class.php 第 108 行.
[ 2013-04-25T22:16:50+08:00 ] ERR: [1] Cannot use object of type Model as array C:\wamp\www\qb\Lib\Action\IndexAction.class.php 第 110 行.
[ 2013-04-25T22:16:58+08:00 ] ERR: [1] Cannot use object of type Model as array C:\wamp\www\qb\Lib\Action\IndexAction.class.php 第 110 行.
[ 2013-04-25T22:17:16+08:00 ] ERR: [4] syntax error, unexpected '[', expecting ',' or ';' C:\wamp\www\qb\Lib\Action\IndexAction.class.php 第 110 行.
[ 2013-04-25T22:17:31+08:00 ] ERR: [1] Cannot use object of type Model as array C:\wamp\www\qb\Lib\Action\IndexAction.class.php 第 110 行.
[ 2013-04-25T22:17:50+08:00 ] ERR: [1] Cannot use object of type Model as array C:\wamp\www\qb\Lib\Action\IndexAction.class.php 第 110 行.
[ 2013-04-25T22:30:58+08:00 ] ERR: [1] Call to a member function add() on a non-object C:\wamp\www\qb\Lib\Action\IndexAction.class.php 第 115 行.
[ 2013-04-25T22:31:25+08:00 ] ERR: [1] Call to a member function add() on a non-object C:\wamp\www\qb\Lib\Action\IndexAction.class.php 第 124 行.
[ 2013-04-25T22:57:01+08:00 ] ERR: [1] Call to a member function getError() on a non-object C:\wamp\www\qb\Lib\Action\IndexAction.class.php 第 116 行.
